<?xml version="1.0" encoding="UTF-8"?>
<!-- Generated by org.testng.reporters.JUnitReportReporter -->
<testsuite hostname="DESKTOP-6VSFPCA" failures="0" tests="6" name="EbayScenarioComponent.EbayScenarioTests" time="30.681" errors="1" timestamp="25 Oct 2020 20:23:10 GMT" skipped="3">
  <testcase classname="EbayScenarioComponent.EbayScenarioTests" name="ExtentReports" time="0.816"/>
  <testcase classname="EbayScenarioComponent.EbayScenarioTests" name="ExplicitWait" time="0.000">
    <error message="
Cannot inject @Test annotated Method [ExplicitWait] with [interface org.openqa.selenium.WebElement, long].
For more information on native dependency injection please refer to http://testng.org/doc/documentation-main.html#native-dependency-injection" type="org.testng.TestNGException">
      <![CDATA[org.testng.TestNGException: 
Cannot inject @Test annotated Method [ExplicitWait] with [interface org.openqa.selenium.WebElement, long].
For more information on native dependency injection please refer to http://testng.org/doc/documentation-main.html#native-dependency-injection
at org.testng.internal.Parameters.checkParameterTypes(Parameters.java:407)
at org.testng.internal.Parameters.createParametersForMethod(Parameters.java:356)
at org.testng.internal.Parameters.createParameters(Parameters.java:635)
at org.testng.internal.Parameters.handleParameters(Parameters.java:769)
at org.testng.internal.ParameterHandler.handleParameters(ParameterHandler.java:49)
at org.testng.internal.ParameterHandler.createParameters(ParameterHandler.java:37)
at org.testng.internal.Invoker.invokeTestMethods(Invoker.java:924)
at org.testng.internal.TestMethodWorker.invokeTestMethods(TestMethodWorker.java:125)
at org.testng.internal.TestMethodWorker.run(TestMethodWorker.java:109)
at org.testng.TestRunner.privateRun(TestRunner.java:648)
at org.testng.TestRunner.run(TestRunner.java:505)
at org.testng.SuiteRunner.runTest(SuiteRunner.java:455)
at org.testng.SuiteRunner.runSequentially(SuiteRunner.java:450)
at org.testng.SuiteRunner.privateRun(SuiteRunner.java:415)
at org.testng.SuiteRunner.run(SuiteRunner.java:364)
at org.testng.SuiteRunnerWorker.runSuite(SuiteRunnerWorker.java:52)
at org.testng.SuiteRunnerWorker.run(SuiteRunnerWorker.java:84)
at org.testng.TestNG.runSuitesSequentially(TestNG.java:1208)
at org.testng.TestNG.runSuitesLocally(TestNG.java:1137)
at org.testng.TestNG.runSuites(TestNG.java:1049)
at org.testng.TestNG.run(TestNG.java:1017)
at org.testng.remote.AbstractRemoteTestNG.run(AbstractRemoteTestNG.java:115)
at org.testng.remote.RemoteTestNG.initAndRun(RemoteTestNG.java:251)
at org.testng.remote.RemoteTestNG.main(RemoteTestNG.java:77)
]]>
    </error>
  </testcase> <!-- ExplicitWait -->
  <testcase classname="EbayScenarioComponent.EbayScenarioTests" name="testDeletecart" time="0.000">
    <skipped/>
  </testcase> <!-- testDeletecart -->
  <testcase classname="EbayScenarioComponent.EbayScenarioTests" name="testPurchasecart" time="0.000">
    <skipped/>
  </testcase> <!-- testPurchasecart -->
  <testcase classname="EbayScenarioComponent.EbayScenarioTests" name="SetUPInit" time="29.865"/>
  <testcase classname="EbayScenarioComponent.EbayScenarioTests" name="testAddcart" time="0.000">
    <skipped/>
  </testcase> <!-- testAddcart -->
</testsuite> <!-- EbayScenarioComponent.EbayScenarioTests -->
